<?xml version="1.0" encoding="UTF-8"?>
<testng-results ignored="0" total="1" passed="1" failed="0" skipped="0">
  <reporter-output>
  </reporter-output>
  <suite started-at="2022-07-11T12:00:08 IST" name="Route Work:Smoke" finished-at="2022-07-11T12:04:45 IST" duration-ms="276530">
    <groups>
    </groups>
    <test started-at="2022-07-11T12:00:08 IST" name="Route Work Smoke Testing" finished-at="2022-07-11T12:04:45 IST" duration-ms="276530">
      <class name="RW.ServiceRW">
        <test-method is-config="true" signature="startup()[pri:0, instance:RW.ServiceRW@1ffaf86]" started-at="2022-07-11T12:00:06 IST" name="startup" finished-at="2022-07-11T12:00:08 IST" duration-ms="2557" status="PASS">
          <reporter-output>
          </reporter-output>
        </test-method> <!-- startup -->
        <test-method signature="serviceRW()[pri:0, instance:RW.ServiceRW@1ffaf86]" started-at="2022-07-11T12:00:08 IST" name="serviceRW" finished-at="2022-07-11T12:04:45 IST" duration-ms="276474" status="PASS">
          <reporter-output>
          </reporter-output>
        </test-method> <!-- serviceRW -->
        <test-method is-config="true" signature="end()[pri:0, instance:RW.ServiceRW@1ffaf86]" started-at="2022-07-11T12:04:45 IST" name="end" finished-at="2022-07-11T12:04:45 IST" duration-ms="348" status="PASS">
          <reporter-output>
          </reporter-output>
        </test-method> <!-- end -->
      </class> <!-- RW.ServiceRW -->
    </test> <!-- Route Work Smoke Testing -->
  </suite> <!-- Route Work:Smoke -->
</testng-results>
